<?xml version="1.0" encoding="UTF-8"?>
<testsuite xmlns:xsi="http://www.w3.org/2001/XMLSchema-instance" xsi:noNamespaceSchemaLocation="https://maven.apache.org/surefire/maven-surefire-plugin/xsd/surefire-test-report.xsd" version="3.0.2" name="com.project.society.SocietyApplicationTests" time="36.801" tests="1" errors="0" skipped="0" failures="0">
  <properties>
[...]
</properties>
  <testcase name="contextLoads" classname="com.project.society.SocietyApplicationTests" time="7.329">
    <system-out><![CDATA[15:43:46.142 [main] INFO org.springframework.test.context.support.AnnotationConfigContextLoaderUtils -- Could not detect default configuration classes for test class [com.project.society.SocietyApplicationTests]: SocietyApplicationTests does not declare any static, non-private, non-final, nested classes annotated with @Configuration.
15:43:46.886 [main] INFO org.springframework.boot.test.context.SpringBootTestContextBootstrapper -- Found @SpringBootConfiguration com.project.society.SocietyApplication for test class com.project.society.SocietyApplicationTests

  .   ____          _            __ _ _
 /\\ / ___'_ __ _ _(_)_ __  __ _ \ \ \ \
( ( )\___ | '_ | '_| | '_ \/ _` | \ \ \ \
 \\/  ___)| |_)| | | | | || (_| |  ) ) ) )
  '  |____| .__|_| |_|_| |_\__, | / / / /
 =========|_|==============|___/=/_/_/_/

 :: Spring Boot ::               (v3.4.10)

2025-11-25T15:43:50.493+05:30  INFO 14732 --- [           main] c.p.society.SocietyApplicationTests      : Starting SocietyApplicationTests using Java 17.0.12 with PID 14732 (started by pawar in C:\Users\pawar\OneDrive\Desktop\Society)
2025-11-25T15:43:50.502+05:30  INFO 14732 --- [           main] c.p.society.SocietyApplicationTests      : No active profile set, falling back to 1 default profile: "default"
2025-11-25T15:43:56.218+05:30  INFO 14732 --- [           main] .s.d.r.c.RepositoryConfigurationDelegate : Bootstrapping Spring Data MongoDB repositories in DEFAULT mode.
2025-11-25T15:43:56.922+05:30  INFO 14732 --- [           main] .s.d.r.c.RepositoryConfigurationDelegate : Finished Spring Data repository scanning in 666 ms. Found 12 MongoDB repository interfaces.
2025-11-25T15:44:01.128+05:30  INFO 14732 --- [o2w.mongodb.net] org.mongodb.driver.cluster               : Adding discovered server ac-rn1im98-shard-00-00.59vpo2w.mongodb.net:27017 to client view of cluster
2025-11-25T15:44:01.137+05:30  INFO 14732 --- [           main] org.mongodb.driver.client                : MongoClient with metadata {"driver": {"name": "mongo-java-driver|sync|spring-boot", "version": "5.2.1"}, "os": {"type": "Windows", "name": "Windows 11", "architecture": "amd64", "version": "10.0"}, "platform": "Java/Oracle Corporation/17.0.12+8-LTS-286"} created with settings MongoClientSettings{readPreference=primary, writeConcern=WriteConcern{w=null, wTimeout=null ms, journal=null}, retryWrites=true, retryReads=true, readConcern=ReadConcern{level=null}, credential=MongoCredential{mechanism=null, userName='omkar', source='admin', password=<hidden>, mechanismProperties=<hidden>}, transportSettings=null, commandListeners=[], codecRegistry=ProvidersCodecRegistry{codecProviders=[ValueCodecProvider{}, BsonValueCodecProvider{}, DBRefCodecProvider{}, DBObjectCodecProvider{}, DocumentCodecProvider{}, CollectionCodecProvider{}, IterableCodecProvider{}, MapCodecProvider{}, GeoJsonCodecProvider{}, GridFSFileCodecProvider{}, Jsr310CodecProvider{}, JsonObjectCodecProvider{}, BsonCodecProvider{}, EnumCodecProvider{}, com.mongodb.client.model.mql.ExpressionCodecProvider@415a3f6a, com.mongodb.Jep395RecordCodecProvider@a54acec, com.mongodb.KotlinCodecProvider@19da993b]}, loggerSettings=LoggerSettings{maxDocumentLength=1000}, clusterSettings={hosts=[127.0.0.1:27017], srvHost=om.59vpo2w.mongodb.net, srvServiceName=mongodb, mode=MULTIPLE, requiredClusterType=REPLICA_SET, requiredReplicaSetName='atlas-zql1f9-shard-0', serverSelector='null', clusterListeners='[]', serverSelectionTimeout='30000 ms', localThreshold='15 ms'}, socketSettings=SocketSettings{connectTimeoutMS=10000, readTimeoutMS=0, receiveBufferSize=0, proxySettings=ProxySettings{host=null, port=null, username=null, password=null}}, heartbeatSocketSettings=SocketSettings{connectTimeoutMS=10000, readTimeoutMS=10000, receiveBufferSize=0, proxySettings=ProxySettings{host=null, port=null, username=null, password=null}}, connectionPoolSettings=ConnectionPoolSettings{maxSize=100, minSize=0, maxWaitTimeMS=120000, maxConnectionLifeTimeMS=0, maxConnectionIdleTimeMS=0, maintenanceInitialDelayMS=0, maintenanceFrequencyMS=60000, connectionPoolListeners=[], maxConnecting=2}, serverSettings=ServerSettings{heartbeatFrequencyMS=10000, minHeartbeatFrequencyMS=500, serverMonitoringMode=AUTO, serverListeners='[]', serverMonitorListeners='[]'}, sslSettings=SslSettings{enabled=true, invalidHostNameAllowed=false, context=null}, applicationName='null', compressorList=[], uuidRepresentation=JAVA_LEGACY, serverApi=null, autoEncryptionSettings=null, dnsClient=null, inetAddressResolver=null, contextProvider=null, timeoutMS=null}
2025-11-25T15:44:01.426+05:30  INFO 14732 --- [o2w.mongodb.net] org.mongodb.driver.cluster               : Adding discovered server ac-rn1im98-shard-00-01.59vpo2w.mongodb.net:27017 to client view of cluster
2025-11-25T15:44:01.483+05:30  INFO 14732 --- [o2w.mongodb.net] org.mongodb.driver.cluster               : Adding discovered server ac-rn1im98-shard-00-02.59vpo2w.mongodb.net:27017 to client view of cluster
2025-11-25T15:44:05.134+05:30  INFO 14732 --- [ngodb.net:27017] org.mongodb.driver.cluster               : Monitor thread successfully connected to server with description ServerDescription{address=ac-rn1im98-shard-00-02.59vpo2w.mongodb.net:27017, type=REPLICA_SET_PRIMARY, cryptd=false, state=CONNECTED, ok=true, minWireVersion=0, maxWireVersion=25, maxDocumentSize=16777216, logicalSessionTimeoutMinutes=30, roundTripTimeNanos=1605603600, minRoundTripTimeNanos=0, setName='atlas-zql1f9-shard-0', canonicalAddress=ac-rn1im98-shard-00-02.59vpo2w.mongodb.net:27017, hosts=[ac-rn1im98-shard-00-01.59vpo2w.mongodb.net:27017, ac-rn1im98-shard-00-02.59vpo2w.mongodb.net:27017, ac-rn1im98-shard-00-00.59vpo2w.mongodb.net:27017], passives=[], arbiters=[], primary='ac-rn1im98-shard-00-02.59vpo2w.mongodb.net:27017', tagSet=TagSet{[Tag{name='availabilityZone', value='asia-south1-c'}, Tag{name='diskState', value='READY'}, Tag{name='nodeType', value='ELECTABLE'}, Tag{name='provider', value='GCP'}, Tag{name='region', value='ASIA_SOUTH_1'}, Tag{name='workloadType', value='OPERATIONAL'}]}, electionId=7fffffff0000000000000010, setVersion=4, topologyVersion=TopologyVersion{processId=691b6cd65138064123857b64, counter=6}, lastWriteDate=Tue Nov 25 15:44:01 IST 2025, lastUpdateTimeNanos=1030884833599100}
2025-11-25T15:44:05.169+05:30  INFO 14732 --- [ngodb.net:27017] org.mongodb.driver.cluster               : Discovered replica set primary ac-rn1im98-shard-00-02.59vpo2w.mongodb.net:27017 with max election id 7fffffff0000000000000010 and max set version 4
2025-11-25T15:44:05.284+05:30  INFO 14732 --- [ngodb.net:27017] org.mongodb.driver.cluster               : Monitor thread successfully connected to server with description ServerDescription{address=ac-rn1im98-shard-00-01.59vpo2w.mongodb.net:27017, type=REPLICA_SET_SECONDARY, cryptd=false, state=CONNECTED, ok=true, minWireVersion=0, maxWireVersion=25, maxDocumentSize=16777216, logicalSessionTimeoutMinutes=30, roundTripTimeNanos=1766412200, minRoundTripTimeNanos=0, setName='atlas-zql1f9-shard-0', canonicalAddress=ac-rn1im98-shard-00-01.59vpo2w.mongodb.net:27017, hosts=[ac-rn1im98-shard-00-01.59vpo2w.mongodb.net:27017, ac-rn1im98-shard-00-02.59vpo2w.mongodb.net:27017, ac-rn1im98-shard-00-00.59vpo2w.mongodb.net:27017], passives=[], arbiters=[], primary='ac-rn1im98-shard-00-02.59vpo2w.mongodb.net:27017', tagSet=TagSet{[Tag{name='availabilityZone', value='asia-south1-b'}, Tag{name='diskState', value='READY'}, Tag{name='nodeType', value='ELECTABLE'}, Tag{name='provider', value='GCP'}, Tag{name='region', value='ASIA_SOUTH_1'}, Tag{name='workloadType', value='OPERATIONAL'}]}, electionId=null, setVersion=4, topologyVersion=TopologyVersion{processId=691b6f63e98cf894604718ef, counter=3}, lastWriteDate=Tue Nov 25 15:44:01 IST 2025, lastUpdateTimeNanos=1030884994436900}
2025-11-25T15:44:06.119+05:30  INFO 14732 --- [ngodb.net:27017] org.mongodb.driver.cluster               : Monitor thread successfully connected to server with description ServerDescription{address=ac-rn1im98-shard-00-00.59vpo2w.mongodb.net:27017, type=REPLICA_SET_SECONDARY, cryptd=false, state=CONNECTED, ok=true, minWireVersion=0, maxWireVersion=25, maxDocumentSize=16777216, logicalSessionTimeoutMinutes=30, roundTripTimeNanos=2609249300, minRoundTripTimeNanos=0, setName='atlas-zql1f9-shard-0', canonicalAddress=ac-rn1im98-shard-00-00.59vpo2w.mongodb.net:27017, hosts=[ac-rn1im98-shard-00-01.59vpo2w.mongodb.net:27017, ac-rn1im98-shard-00-02.59vpo2w.mongodb.net:27017, ac-rn1im98-shard-00-00.59vpo2w.mongodb.net:27017], passives=[], arbiters=[], primary='ac-rn1im98-shard-00-02.59vpo2w.mongodb.net:27017', tagSet=TagSet{[Tag{name='availabilityZone', value='asia-south1-a'}, Tag{name='diskState', value='READY'}, Tag{name='nodeType', value='ELECTABLE'}, Tag{name='provider', value='GCP'}, Tag{name='region', value='ASIA_SOUTH_1'}, Tag{name='workloadType', value='OPERATIONAL'}]}, electionId=null, setVersion=4, topologyVersion=TopologyVersion{processId=691b697983ec3127068d3cc5, counter=4}, lastWriteDate=Tue Nov 25 15:44:01 IST 2025, lastUpdateTimeNanos=1030885829702700}
2025-11-25T15:44:09.055+05:30  INFO 14732 --- [           main] r$InitializeUserDetailsManagerConfigurer : Global AuthenticationManager configured with UserDetailsService bean with name customUserDetailsService
2025-11-25T15:44:14.474+05:30  INFO 14732 --- [           main] c.p.society.SocietyApplicationTests      : Started SocietyApplicationTests in 26.37 seconds (process running for 32.406)
]]></system-out>
  </testcase>
</testsuite>